<?xml version="1.0" encoding="UTF-8"?>
<!-- Generated by org.testng.reporters.JUnitReportReporter -->
<testsuite hostname="DESKTOP-7R0KA99" failures="0" tests="2" name="Branch.GenarateReports" time="10.652" errors="0" timestamp="2024-02-02T17:06:18 IST" skipped="0">
  <testcase classname="Branch.GenarateReports" name="TestFail" time="4.734"/>
  <system-out/>
  <testcase classname="Branch.GenarateReports" name="TestPass" time="5.918"/>
  <system-out/>
</testsuite> <!-- Branch.GenarateReports -->
