<?xml version="1.0" encoding="UTF-8"?>
<!-- Generated by org.testng.reporters.JUnitReportReporter -->
<testsuite hostname="DESKTOP-7R0KA99" failures="0" tests="1" name="Branch.NewBranch" time="7.810" errors="0" timestamp="2024-02-02T15:02:27 IST" skipped="0">
  <testcase classname="Branch.NewBranch" name="newbranch" time="7.810"/>
  <system-out>
    <![CDATA[New Branch with id 51 created Sucessfully]]>
  </system-out>
</testsuite> <!-- Branch.NewBranch -->
