<?xml version="1.0" encoding="UTF-8"?>
<!-- Generated by org.testng.reporters.JUnitReportReporter -->
<testsuite hostname="DESKTOP-7R0KA99" failures="0" tests="1" name="Branch.NewRole" time="2.467" errors="0" timestamp="2024-02-02T18:36:39 IST" skipped="0">
  <testcase classname="Branch.NewRole" name="Newrole" time="2.467"/>
  <system-out>
    <![CDATA[New Role with id 45 Created Sucessfully]]>
  </system-out>
</testsuite> <!-- Branch.NewRole -->
