<?xml version="1.0" encoding="UTF-8"?>
<!-- Generated by org.testng.reporters.JUnitReportReporter -->
<testsuite hostname="DESKTOP-7R0KA99" failures="0" tests="2" name="Branch.GenarateReports1" time="11.547" errors="0" timestamp="2024-02-02T17:54:10 IST" skipped="0">
  <testcase classname="Branch.GenarateReports1" name="TestFail" time="5.463"/>
  <system-out/>
  <testcase classname="Branch.GenarateReports1" name="TestPass" time="6.084"/>
  <system-out/>
</testsuite> <!-- Branch.GenarateReports1 -->
